<?xml version="1.0" encoding="UTF-8"?>
<testsuites name="Login" time="94.527" tests="1" failures="0" errors="0">
   <testsuite name="Login" tests="1" failures="0" errors="0" time="94.527" timestamp="2020-05-04 10:01:20" hostname="ASUS - LAPTOP-D0TPACJ1" id="Test Suites/Login">
      <properties>
         <property name="deviceName" value=""/>
         <property name="devicePlatform" value=""/>
         <property name="logFolder" value="C:\\Users\\ASUS\\git\\ACCPartner-CMS\\Reports\\20200504_100115\\Login\\20200504_100115"/>
         <property name="logFiles" value="C:\\Users\\ASUS\\git\\ACCPartner-CMS\\Reports\\20200504_100115\\Login\\20200504_100115\\execution0.log"/>
         <property name="attachments" value=""/>
         <property name="hostName" value="ASUS - LAPTOP-D0TPACJ1"/>
         <property name="os" value="Windows 10 64bit"/>
         <property name="katalonVersion" value="7.0.10.1"/>
         <property name="browser" value="Chrome 81.0.4044.129"/>
         <property name="hostAddress" value="192.168.100.227"/>
         <property name="sessionId" value="51150c9fec45a9a71d767409640acdf6"/>
         <property name="seleniumVersion" value="3.141.59"/>
         <property name="proxyInformation" value="ProxyInformation{proxyOption=NO_PROXY, proxyServerType=HTTP, password=, proxyServerAddress=, proxyServerPort=0}"/>
         <property name="platform" value="Windows 10"/>
      </properties>
      <testcase name="Test Cases/Admin Login" time="92.606" classname="Test Cases/Admin Login" status="PASSED">
         <system-out><![CDATA[2020-05-04 10:01:22 - [TEST_CASE][PASSED] - Test Cases/Admin Login: Test Cases/Admin Login

2020-05-04 10:01:24 - [TEST_STEP][PASSED] - openBrowser(""): Browser is opened with url: ''

2020-05-04 10:01:25 - [MESSAGE][INFO] - Starting 'Chrome' driver

2020-05-04 10:01:25 - [MESSAGE][INFO] - Action delay is set to 0 seconds

2020-05-04 10:01:33 - [MESSAGE][PASSED] - Browser is opened with url: ''

2020-05-04 10:01:33 - [TEST_STEP][PASSED] - navigateToUrl("http://accseamless.stage.digitalintegrasiasia.com/login"): Navigate to 'http://accseamless.stage.digitalintegrasiasia.com/login' successfully

2020-05-04 10:02:38 - [MESSAGE][PASSED] - Navigate to 'http://accseamless.stage.digitalintegrasiasia.com/login' successfully

2020-05-04 10:02:38 - [TEST_STEP][PASSED] - maximizeWindow(): Current window maximized

2020-05-04 10:02:40 - [MESSAGE][PASSED] - Current window maximized

2020-05-04 10:02:40 - [TEST_STEP][PASSED] - delay(3): Delayed 3 second(s)

2020-05-04 10:02:43 - [MESSAGE][PASSED] - Delayed 3 second(s)

2020-05-04 10:02:43 - [TEST_STEP][PASSED] - setText(findTestObject("Object Repository/admin login/input_Login_username"), username): Text '' is set on object 'Object Repository/admin login/input_Login_username'

2020-05-04 10:02:43 - [MESSAGE][PASSED] - Text '' is set on object 'Object Repository/admin login/input_Login_username'

2020-05-04 10:02:43 - [TEST_STEP][PASSED] - setText(findTestObject("Object Repository/admin login/input_Password_password"), password): Text '' is set on object 'Object Repository/admin login/input_Password_password'

2020-05-04 10:02:44 - [MESSAGE][PASSED] - Text '' is set on object 'Object Repository/admin login/input_Password_password'

2020-05-04 10:02:44 - [TEST_STEP][PASSED] - if (expected == "pass"): null

2020-05-04 10:02:44 - [TEST_STEP][PASSED] - else if (expected == "fail"): null

2020-05-04 10:02:44 - [TEST_STEP][PASSED] - setText(findTestObject("admin login/input_captcha"), captcha): Text '' is set on object 'Object Repository/admin login/input_captcha'

2020-05-04 10:02:44 - [MESSAGE][PASSED] - Text '' is set on object 'Object Repository/admin login/input_captcha'

2020-05-04 10:02:44 - [TEST_STEP][PASSED] - delay(3): Delayed 3 second(s)

2020-05-04 10:02:47 - [MESSAGE][PASSED] - Delayed 3 second(s)

2020-05-04 10:02:47 - [TEST_STEP][PASSED] - click(findTestObject("Object Repository/admin login/button_Sign in")): Object: 'Object Repository/admin login/button_Sign in' is clicked on

2020-05-04 10:02:48 - [MESSAGE][PASSED] - Object: 'Object Repository/admin login/button_Sign in' is clicked on

2020-05-04 10:02:48 - [TEST_STEP][PASSED] - delay(5): Delayed 5 second(s)

2020-05-04 10:02:53 - [MESSAGE][PASSED] - Delayed 5 second(s)

2020-05-04 10:02:53 - [TEST_STEP][PASSED] - switch (status.toString()): null

2020-05-04 10:02:53 - [TEST_STEP][PASSED] - case "all empty":: null

2020-05-04 10:02:53 - [TEST_STEP][PASSED] - verifyElementPresent(findTestObject("Object Repository/admin login/div_The username is required"), 0): Object 'Object Repository/admin login/div_The username is required' is present

2020-05-04 10:02:53 - [MESSAGE][WARNING] - Timeout '0' is invalid. Using default page load timeout: '30'

2020-05-04 10:02:53 - [MESSAGE][PASSED] - Object 'Object Repository/admin login/div_The username is required' is present

2020-05-04 10:02:53 - [TEST_STEP][PASSED] - verifyElementPresent(findTestObject("Object Repository/admin login/div_The password is required"), 0): Object 'Object Repository/admin login/div_The password is required' is present

2020-05-04 10:02:53 - [MESSAGE][WARNING] - Timeout '0' is invalid. Using default page load timeout: '30'

2020-05-04 10:02:54 - [MESSAGE][PASSED] - Object 'Object Repository/admin login/div_The password is required' is present

2020-05-04 10:02:54 - [TEST_STEP][PASSED] - break: null

2020-05-04 10:02:54 - [TEST_STEP][PASSED] - closeBrowser(): Browser is closed

2020-05-04 10:02:55 - [MESSAGE][PASSED] - Browser is closed

2020-05-04 10:02:55 - [TEST_STEP][NOT_RUN] - click(findTestObject("Object Repository/admin login/i_Password_btnRefreshCaptcha")): NOT_RUN: click(findTestObject("Object Repository/admin login/i_Password_btnRefreshCaptcha"))

2020-05-04 10:02:55 - [MESSAGE][NOT_RUN] - NOT_RUN: click(findTestObject("Object Repository/admin login/i_Password_btnRefreshCaptcha"))]]></system-out>
         <system-err><![CDATA[]]></system-err>
      </testcase>
      <system-out><![CDATA[2020-05-04 10:01:20 - [TEST_SUITE][PASSED] - Login: Test Cases/Admin Login]]></system-out>
      <system-err><![CDATA[]]></system-err>
   </testsuite>
</testsuites>
